[11-Oct-2020 05:54:06 UTC] PHP Warning:  Use of undefined constant names - assumed 'names' (this will throw an Error in a future version of PHP) in C:\Users\sanje\Local Sites\javascriptu\app\public\wp-content\themes\javascriptU\index.php on line 7
[11-Oct-2020 05:54:06 UTC] PHP Stack trace:
[11-Oct-2020 05:54:06 UTC] PHP   1. {main}() C:\Users\sanje\Local Sites\javascriptu\app\public\index.php:0
[11-Oct-2020 05:54:06 UTC] PHP   2. require() C:\Users\sanje\Local Sites\javascriptu\app\public\index.php:17
[11-Oct-2020 05:54:06 UTC] PHP   3. require_once() C:\Users\sanje\Local Sites\javascriptu\app\public\wp-blog-header.php:19
[11-Oct-2020 05:54:06 UTC] PHP   4. include() C:\Users\sanje\Local Sites\javascriptu\app\public\wp-includes\template-loader.php:106
[11-Oct-2020 05:54:15 UTC] PHP Warning:  Use of undefined constant names - assumed 'names' (this will throw an Error in a future version of PHP) in C:\Users\sanje\Local Sites\javascriptu\app\public\wp-content\themes\javascriptU\index.php on line 7
[11-Oct-2020 05:54:15 UTC] PHP Stack trace:
[11-Oct-2020 05:54:15 UTC] PHP   1. {main}() C:\Users\sanje\Local Sites\javascriptu\app\public\index.php:0
[11-Oct-2020 05:54:15 UTC] PHP   2. require() C:\Users\sanje\Local Sites\javascriptu\app\public\index.php:17
[11-Oct-2020 05:54:15 UTC] PHP   3. require_once() C:\Users\sanje\Local Sites\javascriptu\app\public\wp-blog-header.php:19
[11-Oct-2020 05:54:15 UTC] PHP   4. include() C:\Users\sanje\Local Sites\javascriptu\app\public\wp-includes\template-loader.php:106
[11-Oct-2020 06:00:06 UTC] PHP Parse error:  syntax error, unexpected '$count' (T_VARIABLE), expecting ',' or ';' in C:\Users\sanje\Local Sites\javascriptu\app\public\wp-content\themes\javascriptU\index.php on line 8
[11-Oct-2020 06:00:47 UTC] PHP Parse error:  syntax error, unexpected '$count' (T_VARIABLE), expecting ',' or ';' in C:\Users\sanje\Local Sites\javascriptu\app\public\wp-content\themes\javascriptU\index.php on line 8
[11-Oct-2020 06:01:24 UTC] PHP Warning:  count(): Parameter must be an array or an object that implements Countable in C:\Users\sanje\Local Sites\javascriptu\app\public\wp-content\themes\javascriptU\index.php on line 6
[11-Oct-2020 06:01:24 UTC] PHP Stack trace:
[11-Oct-2020 06:01:24 UTC] PHP   1. {main}() C:\Users\sanje\Local Sites\javascriptu\app\public\index.php:0
[11-Oct-2020 06:01:24 UTC] PHP   2. require() C:\Users\sanje\Local Sites\javascriptu\app\public\index.php:17
[11-Oct-2020 06:01:24 UTC] PHP   3. require_once() C:\Users\sanje\Local Sites\javascriptu\app\public\wp-blog-header.php:19
[11-Oct-2020 06:01:24 UTC] PHP   4. include() C:\Users\sanje\Local Sites\javascriptu\app\public\wp-includes\template-loader.php:106
